[2026-01-14T05:30:18.692+0000] {taskinstance.py:1159} INFO - Dependencies all met for dep_context=non-requeueable deps ti=<TaskInstance: postgres_to_bigquery_activity_logs.sync_activity_logs scheduled__2026-01-13T00:00:00+00:00 [queued]>
[2026-01-14T05:30:18.696+0000] {taskinstance.py:1159} INFO - Dependencies all met for dep_context=requeueable deps ti=<TaskInstance: postgres_to_bigquery_activity_logs.sync_activity_logs scheduled__2026-01-13T00:00:00+00:00 [queued]>
[2026-01-14T05:30:18.696+0000] {taskinstance.py:1361} INFO - Starting attempt 1 of 4
[2026-01-14T05:30:18.702+0000] {taskinstance.py:1382} INFO - Executing <Task(PythonOperator): sync_activity_logs> on 2026-01-13 00:00:00+00:00
[2026-01-14T05:30:18.706+0000] {standard_task_runner.py:57} INFO - Started process 396 to run task
[2026-01-14T05:30:18.709+0000] {standard_task_runner.py:84} INFO - Running: ['***', 'tasks', 'run', 'postgres_to_bigquery_activity_logs', 'sync_activity_logs', 'scheduled__2026-01-13T00:00:00+00:00', '--job-id', '5', '--raw', '--subdir', 'DAGS_FOLDER/postgres_bigquery_sync/dags/activity_logs_sync.py', '--cfg-path', '/tmp/tmpf216dc6s']
[2026-01-14T05:30:18.712+0000] {standard_task_runner.py:85} INFO - Job 5: Subtask sync_activity_logs
[2026-01-14T05:30:18.749+0000] {task_command.py:415} INFO - Running <TaskInstance: postgres_to_bigquery_activity_logs.sync_activity_logs scheduled__2026-01-13T00:00:00+00:00 [running]> on host 22b09e2db8bb
[2026-01-14T05:30:18.797+0000] {taskinstance.py:1660} INFO - Exporting env vars: AIRFLOW_CTX_DAG_OWNER='***' AIRFLOW_CTX_DAG_ID='postgres_to_bigquery_activity_logs' AIRFLOW_CTX_TASK_ID='sync_activity_logs' AIRFLOW_CTX_EXECUTION_DATE='2026-01-13T00:00:00+00:00' AIRFLOW_CTX_TRY_NUMBER='1' AIRFLOW_CTX_DAG_RUN_ID='scheduled__2026-01-13T00:00:00+00:00'
[2026-01-14T05:30:18.804+0000] {logging_mixin.py:151} WARNING - /home/***/.local/lib/python3.10/site-packages/***/utils/context.py:314 AirflowContextDeprecationWarning: Accessing 'execution_date' from the template is deprecated and will be removed in a future version. Please use 'data_interval_start' or 'logical_date' instead.
[2026-01-14T05:30:18.805+0000] {logging_mixin.py:151} WARNING - /home/***/.local/lib/python3.10/site-packages/***/utils/context.py:314 AirflowContextDeprecationWarning: Accessing 'next_ds' from the template is deprecated and will be removed in a future version. Please use '{{ data_interval_end | ds }}' instead.
[2026-01-14T05:30:18.805+0000] {logging_mixin.py:151} WARNING - /home/***/.local/lib/python3.10/site-packages/***/utils/context.py:314 AirflowContextDeprecationWarning: Accessing 'next_ds_nodash' from the template is deprecated and will be removed in a future version. Please use '{{ data_interval_end | ds_nodash }}' instead.
[2026-01-14T05:30:18.807+0000] {logging_mixin.py:151} WARNING - /home/***/.local/lib/python3.10/site-packages/***/utils/context.py:314 AirflowContextDeprecationWarning: Accessing 'next_execution_date' from the template is deprecated and will be removed in a future version. Please use 'data_interval_end' instead.
[2026-01-14T05:30:18.807+0000] {logging_mixin.py:151} WARNING - /home/***/.local/lib/python3.10/site-packages/***/utils/context.py:314 AirflowContextDeprecationWarning: Accessing 'prev_ds' from the template is deprecated and will be removed in a future version.
[2026-01-14T05:30:18.807+0000] {logging_mixin.py:151} WARNING - /home/***/.local/lib/python3.10/site-packages/***/utils/context.py:314 AirflowContextDeprecationWarning: Accessing 'prev_ds_nodash' from the template is deprecated and will be removed in a future version.
[2026-01-14T05:30:18.808+0000] {logging_mixin.py:151} WARNING - /home/***/.local/lib/python3.10/site-packages/***/utils/context.py:314 AirflowContextDeprecationWarning: Accessing 'prev_execution_date' from the template is deprecated and will be removed in a future version.
[2026-01-14T05:30:18.808+0000] {logging_mixin.py:151} WARNING - /home/***/.local/lib/python3.10/site-packages/***/utils/context.py:314 AirflowContextDeprecationWarning: Accessing 'prev_execution_date_success' from the template is deprecated and will be removed in a future version. Please use 'prev_data_interval_start_success' instead.
[2026-01-14T05:30:18.809+0000] {logging_mixin.py:151} WARNING - /home/***/.local/lib/python3.10/site-packages/***/utils/context.py:314 AirflowContextDeprecationWarning: Accessing 'tomorrow_ds' from the template is deprecated and will be removed in a future version.
[2026-01-14T05:30:18.809+0000] {logging_mixin.py:151} WARNING - /home/***/.local/lib/python3.10/site-packages/***/utils/context.py:314 AirflowContextDeprecationWarning: Accessing 'tomorrow_ds_nodash' from the template is deprecated and will be removed in a future version.
[2026-01-14T05:30:18.810+0000] {base.py:73} INFO - Using connection ID 'postgres_default' for task execution.
[2026-01-14T05:30:18.813+0000] {utils.py:401} ERROR - 'NoneType' object has no attribute 'isoformat'
Traceback (most recent call last):
  File "/home/airflow/.local/lib/python3.10/site-packages/airflow/providers/openlineage/utils/utils.py", line 399, in wrapper
    return f(*args, **kwargs)
  File "/home/airflow/.local/lib/python3.10/site-packages/airflow/providers/openlineage/plugins/listener.py", line 145, in on_failure
    end_time=task_instance.end_date.isoformat(),
AttributeError: 'NoneType' object has no attribute 'isoformat'
[2026-01-14T05:30:18.813+0000] {taskinstance.py:1943} ERROR - Task failed with exception
Traceback (most recent call last):
  File "/home/airflow/.local/lib/python3.10/site-packages/airflow/operators/python.py", line 192, in execute
    return_value = self.execute_callable()
  File "/home/airflow/.local/lib/python3.10/site-packages/airflow/operators/python.py", line 209, in execute_callable
    return self.python_callable(*self.op_args, **self.op_kwargs)
  File "/opt/airflow/dags/postgres_bigquery_sync/dags/activity_logs_sync.py", line 56, in sync_activity_logs
    pg_conn = get_postgres_connection()
  File "/opt/airflow/dags/postgres_bigquery_sync/includes/connections.py", line 114, in get_postgres_connection
    return PostgresConnection(connection_id)
  File "/opt/airflow/dags/postgres_bigquery_sync/includes/connections.py", line 19, in __init__
    self.conn = self.hook.get_conn()
  File "/home/airflow/.local/lib/python3.10/site-packages/airflow/providers/postgres/hooks/postgres.py", line 154, in get_conn
    self.conn = psycopg2.connect(**conn_args)
  File "/home/airflow/.local/lib/python3.10/site-packages/psycopg2/__init__.py", line 122, in connect
    conn = _connect(dsn, connection_factory=connection_factory, **kwasync)
psycopg2.OperationalError: connection to server at "postgres" (192.168.117.3), port 5432 failed: FATAL:  password authentication failed for user "postgres"

[2026-01-14T05:30:18.821+0000] {logging_mixin.py:151} WARNING - /home/***/.local/lib/python3.10/site-packages/***/utils/context.py:314 AirflowContextDeprecationWarning: Accessing 'yesterday_ds' from the template is deprecated and will be removed in a future version.
[2026-01-14T05:30:18.820+0000] {taskinstance.py:1400} INFO - Marking task as UP_FOR_RETRY. dag_id=postgres_to_bigquery_activity_logs, task_id=sync_activity_logs, execution_date=20260113T000000, start_date=20260114T053018, end_date=20260114T053018
[2026-01-14T05:30:18.822+0000] {logging_mixin.py:151} WARNING - /home/***/.local/lib/python3.10/site-packages/***/utils/context.py:314 AirflowContextDeprecationWarning: Accessing 'yesterday_ds_nodash' from the template is deprecated and will be removed in a future version.
[2026-01-14T05:30:18.825+0000] {secrets_masker.py:277} WARNING - Unable to redact <Proxy at 0xffff64e843c0 wrapping '2026-01-14' at 0xffff64e8c570 with factory functools.partial(<function lazy_mapping_from_context.<locals>._deprecated_proxy_factory at 0xffff64d00040>, 'next_ds', '2026-01-14')>, please report this via <https://github.com/apache/***/issues>. Error was: TypeError: ObjectProxy() missing required argument 'wrapped' (pos 1)
[2026-01-14T05:30:18.825+0000] {secrets_masker.py:277} WARNING - Unable to redact <Proxy at 0xffff64e84400 wrapping '20260114' at 0xffff64cc25f0 with factory functools.partial(<function lazy_mapping_from_context.<locals>._deprecated_proxy_factory at 0xffff64d00040>, 'next_ds_nodash', '20260114')>, please report this via <https://github.com/apache/***/issues>. Error was: TypeError: ObjectProxy() missing required argument 'wrapped' (pos 1)
[2026-01-14T05:30:18.826+0000] {secrets_masker.py:277} WARNING - Unable to redact <Proxy at 0xffff64dfc200 wrapping '2026-01-12' at 0xffff64ce5db0 with factory functools.partial(<function lazy_mapping_from_context.<locals>._deprecated_proxy_factory at 0xffff64d00040>, 'prev_ds', '2026-01-12')>, please report this via <https://github.com/apache/***/issues>. Error was: TypeError: ObjectProxy() missing required argument 'wrapped' (pos 1)
[2026-01-14T05:30:18.826+0000] {secrets_masker.py:277} WARNING - Unable to redact <Proxy at 0xffff64dfc040 wrapping '20260112' at 0xffff64cc2bb0 with factory functools.partial(<function lazy_mapping_from_context.<locals>._deprecated_proxy_factory at 0xffff64d00040>, 'prev_ds_nodash', '20260112')>, please report this via <https://github.com/apache/***/issues>. Error was: TypeError: ObjectProxy() missing required argument 'wrapped' (pos 1)
[2026-01-14T05:30:18.826+0000] {secrets_masker.py:277} WARNING - Unable to redact <Proxy at 0xffff64dee1c0 wrapping '2026-01-14' at 0xffff64ce5d70 with factory functools.partial(<function lazy_mapping_from_context.<locals>._deprecated_proxy_factory at 0xffff64d00040>, 'tomorrow_ds', '2026-01-14')>, please report this via <https://github.com/apache/***/issues>. Error was: TypeError: ObjectProxy() missing required argument 'wrapped' (pos 1)
[2026-01-14T05:30:18.827+0000] {secrets_masker.py:277} WARNING - Unable to redact <Proxy at 0xffff64dedec0 wrapping '20260114' at 0xffff64ce53b0 with factory functools.partial(<function lazy_mapping_from_context.<locals>._deprecated_proxy_factory at 0xffff64d00040>, 'tomorrow_ds_nodash', '20260114')>, please report this via <https://github.com/apache/***/issues>. Error was: TypeError: ObjectProxy() missing required argument 'wrapped' (pos 1)
[2026-01-14T05:30:18.827+0000] {secrets_masker.py:277} WARNING - Unable to redact <Proxy at 0xffff64d6b8c0 wrapping '2026-01-12' at 0xffff64ce7c30 with factory functools.partial(<function lazy_mapping_from_context.<locals>._deprecated_proxy_factory at 0xffff64d00040>, 'yesterday_ds', '2026-01-12')>, please report this via <https://github.com/apache/***/issues>. Error was: TypeError: ObjectProxy() missing required argument 'wrapped' (pos 1)
[2026-01-14T05:30:18.827+0000] {secrets_masker.py:277} WARNING - Unable to redact <Proxy at 0xffff64d4aa40 wrapping '20260112' at 0xffff64ce5e70 with factory functools.partial(<function lazy_mapping_from_context.<locals>._deprecated_proxy_factory at 0xffff64d00040>, 'yesterday_ds_nodash', '20260112')>, please report this via <https://github.com/apache/***/issues>. Error was: TypeError: ObjectProxy() missing required argument 'wrapped' (pos 1)
[2026-01-14T05:30:18.832+0000] {adapter.py:119} ERROR - Failed to emit OpenLineage event of id 9cf1f04a-0a27-3a35-a156-e2acf58fa021
Traceback (most recent call last):
  File "/home/airflow/.local/lib/python3.10/site-packages/urllib3/connection.py", line 174, in _new_conn
    conn = connection.create_connection(
  File "/home/airflow/.local/lib/python3.10/site-packages/urllib3/util/connection.py", line 72, in create_connection
    for res in socket.getaddrinfo(host, port, family, socket.SOCK_STREAM):
  File "/usr/local/lib/python3.10/socket.py", line 955, in getaddrinfo
    for res in _socket.getaddrinfo(host, port, family, type, proto, flags):
socket.gaierror: [Errno -2] Name or service not known

During handling of the above exception, another exception occurred:

Traceback (most recent call last):
  File "/home/airflow/.local/lib/python3.10/site-packages/urllib3/connectionpool.py", line 714, in urlopen
    httplib_response = self._make_request(
  File "/home/airflow/.local/lib/python3.10/site-packages/urllib3/connectionpool.py", line 415, in _make_request
    conn.request(method, url, **httplib_request_kw)
  File "/home/airflow/.local/lib/python3.10/site-packages/urllib3/connection.py", line 244, in request
    super(HTTPConnection, self).request(method, url, body=body, headers=headers)
  File "/usr/local/lib/python3.10/http/client.py", line 1283, in request
    self._send_request(method, url, body, headers, encode_chunked)
  File "/usr/local/lib/python3.10/http/client.py", line 1329, in _send_request
    self.endheaders(body, encode_chunked=encode_chunked)
  File "/usr/local/lib/python3.10/http/client.py", line 1278, in endheaders
    self._send_output(message_body, encode_chunked=encode_chunked)
  File "/usr/local/lib/python3.10/http/client.py", line 1038, in _send_output
    self.send(msg)
  File "/usr/local/lib/python3.10/http/client.py", line 976, in send
    self.connect()
  File "/home/airflow/.local/lib/python3.10/site-packages/urllib3/connection.py", line 205, in connect
    conn = self._new_conn()
  File "/home/airflow/.local/lib/python3.10/site-packages/urllib3/connection.py", line 186, in _new_conn
    raise NewConnectionError(
urllib3.exceptions.NewConnectionError: <urllib3.connection.HTTPConnection object at 0xffff64bb6b30>: Failed to establish a new connection: [Errno -2] Name or service not known

During handling of the above exception, another exception occurred:

Traceback (most recent call last):
  File "/home/airflow/.local/lib/python3.10/site-packages/requests/adapters.py", line 486, in send
    resp = conn.urlopen(
  File "/home/airflow/.local/lib/python3.10/site-packages/urllib3/connectionpool.py", line 798, in urlopen
    retries = retries.increment(
  File "/home/airflow/.local/lib/python3.10/site-packages/urllib3/util/retry.py", line 592, in increment
    raise MaxRetryError(_pool, url, error or ResponseError(cause))
urllib3.exceptions.MaxRetryError: HTTPConnectionPool(host='marquez', port=5000): Max retries exceeded with url: /api/v1/lineage (Caused by NewConnectionError('<urllib3.connection.HTTPConnection object at 0xffff64bb6b30>: Failed to establish a new connection: [Errno -2] Name or service not known'))

During handling of the above exception, another exception occurred:

Traceback (most recent call last):
  File "/home/airflow/.local/lib/python3.10/site-packages/airflow/providers/openlineage/plugins/adapter.py", line 117, in emit
    return self._client.emit(redacted_event)
  File "/home/airflow/.local/lib/python3.10/site-packages/openlineage/client/client.py", line 103, in emit
    self.transport.emit(event)
  File "/home/airflow/.local/lib/python3.10/site-packages/openlineage/client/transport/http.py", line 163, in emit
    resp = session.post(
  File "/home/airflow/.local/lib/python3.10/site-packages/requests/sessions.py", line 637, in post
    return self.request("POST", url, data=data, json=json, **kwargs)
  File "/home/airflow/.local/lib/python3.10/site-packages/requests/sessions.py", line 589, in request
    resp = self.send(prep, **send_kwargs)
  File "/home/airflow/.local/lib/python3.10/site-packages/requests/sessions.py", line 703, in send
    r = adapter.send(request, **kwargs)
  File "/home/airflow/.local/lib/python3.10/site-packages/requests/adapters.py", line 519, in send
    raise ConnectionError(e, request=request)
requests.exceptions.ConnectionError: HTTPConnectionPool(host='marquez', port=5000): Max retries exceeded with url: /api/v1/lineage (Caused by NewConnectionError('<urllib3.connection.HTTPConnection object at 0xffff64bb6b30>: Failed to establish a new connection: [Errno -2] Name or service not known'))
[2026-01-14T05:30:18.833+0000] {standard_task_runner.py:104} ERROR - Failed to execute job 5 for task sync_activity_logs (connection to server at "postgres" (192.168.117.3), port 5432 failed: FATAL:  password authentication failed for user "postgres"
; 396)
[2026-01-14T05:30:18.846+0000] {local_task_job_runner.py:228} INFO - Task exited with return code 1
[2026-01-14T05:30:18.855+0000] {taskinstance.py:2784} INFO - 0 downstream tasks scheduled from follow-on schedule check
